0 info it worked if it ends with ok
1 verbose cli [ '/Users/huangziyi/.nvm/versions/node/v5.12.0/bin/node',
1 verbose cli   '/Users/huangziyi/.nvm/versions/node/v5.12.0/bin/npm',
1 verbose cli   'publish' ]
2 info using npm@3.8.6
3 info using node@v5.12.0
4 verbose publish [ '.' ]
5 silly cache add args [ '.', null ]
6 verbose cache add spec .
7 silly cache add parsed spec Result {
7 silly cache add   raw: '.',
7 silly cache add   scope: null,
7 silly cache add   name: null,
7 silly cache add   rawSpec: '.',
7 silly cache add   spec: '/Users/huangziyi/workspace/gaea-render',
7 silly cache add   type: 'directory' }
8 verbose addLocalDirectory /Users/huangziyi/.npm/gaea-render/1.0.12/package.tgz not in flight; packing
9 verbose correctMkdir /Users/huangziyi/.npm correctMkdir not in flight; initializing
10 info lifecycle gaea-render@1.0.12~prepublish: gaea-render@1.0.12
11 verbose lifecycle gaea-render@1.0.12~prepublish: unsafe-perm in lifecycle true
12 verbose lifecycle gaea-render@1.0.12~prepublish: PATH: /Users/huangziyi/.nvm/versions/node/v5.12.0/lib/node_modules/npm/bin/node-gyp-bin:/Users/huangziyi/workspace/gaea-render/node_modules/.bin:/Users/huangziyi/.nvm/versions/node/v5.12.0/bin:/Users/huangziyi/.nvm/versions/node/v5.12.0/bin:/usr/local/bin:/usr/bin:/bin:/usr/sbin:/sbin
13 verbose lifecycle gaea-render@1.0.12~prepublish: CWD: /Users/huangziyi/workspace/gaea-render
14 silly lifecycle gaea-render@1.0.12~prepublish: Args: [ '-c', 'rm -rf built && tsc && babel built --out-dir built' ]
15 silly lifecycle gaea-render@1.0.12~prepublish: Returned: code: 2  signal: null
16 info lifecycle gaea-render@1.0.12~prepublish: Failed to exec prepublish script
17 error addLocal Could not install /Users/huangziyi/workspace/gaea-render
18 verbose stack Error: gaea-render@1.0.12 prepublish: `rm -rf built && tsc && babel built --out-dir built`
18 verbose stack Exit status 2
18 verbose stack     at EventEmitter.<anonymous> (/Users/huangziyi/.nvm/versions/node/v5.12.0/lib/node_modules/npm/lib/utils/lifecycle.js:239:16)
18 verbose stack     at emitTwo (events.js:100:13)
18 verbose stack     at EventEmitter.emit (events.js:185:7)
18 verbose stack     at ChildProcess.<anonymous> (/Users/huangziyi/.nvm/versions/node/v5.12.0/lib/node_modules/npm/lib/utils/spawn.js:24:14)
18 verbose stack     at emitTwo (events.js:100:13)
18 verbose stack     at ChildProcess.emit (events.js:185:7)
18 verbose stack     at maybeClose (internal/child_process.js:850:16)
18 verbose stack     at Process.ChildProcess._handle.onexit (internal/child_process.js:215:5)
19 verbose pkgid gaea-render@1.0.12
20 verbose cwd /Users/huangziyi/workspace/gaea-render
21 error Darwin 16.5.0
22 error argv "/Users/huangziyi/.nvm/versions/node/v5.12.0/bin/node" "/Users/huangziyi/.nvm/versions/node/v5.12.0/bin/npm" "publish"
23 error node v5.12.0
24 error npm  v3.8.6
25 error code ELIFECYCLE
26 error gaea-render@1.0.12 prepublish: `rm -rf built && tsc && babel built --out-dir built`
26 error Exit status 2
27 error Failed at the gaea-render@1.0.12 prepublish script 'rm -rf built && tsc && babel built --out-dir built'.
27 error Make sure you have the latest version of node.js and npm installed.
27 error If you do, this is most likely a problem with the gaea-render package,
27 error not with npm itself.
27 error Tell the author that this fails on your system:
27 error     rm -rf built && tsc && babel built --out-dir built
27 error You can get information on how to open an issue for this project with:
27 error     npm bugs gaea-render
27 error Or if that isn't available, you can get their info via:
27 error     npm owner ls gaea-render
27 error There is likely additional logging output above.
28 verbose exit [ 1, true ]
